<?xml version="1.0" encoding="UTF-8" ?>
<testsuite tests="9" failures="0" name="com.example.toolrental.ToolRentalServiceTest" time="0.064" errors="0" skipped="0">
  <properties>
    <property name="java.runtime.name" value="OpenJDK Runtime Environment"/>
    <property name="java.vm.version" value="17.0.5+8-LTS"/>
    <property name="sun.boot.library.path" value="C:\Users\sinan\.jdks\corretto-17.0.5\bin"/>
    <property name="maven.multiModuleProjectDirectory" value="C:\Users\sinan\Desktop\My-Projects\tool-rental"/>
    <property name="java.vm.vendor" value="Amazon.com Inc."/>
    <property name="java.vendor.url" value="https://aws.amazon.com/corretto/"/>
    <property name="guice.disable.misplaced.annotation.check" value="true"/>
    <property name="path.separator" value=";"/>
    <property name="java.vm.name" value="OpenJDK 64-Bit Server VM"/>
    <property name="sun.os.patch.level" value=""/>
    <property name="user.script" value=""/>
    <property name="user.country" value="US"/>
    <property name="sun.java.launcher" value="SUN_STANDARD"/>
    <property name="java.vm.specification.name" value="Java Virtual Machine Specification"/>
    <property name="user.dir" value="C:\Users\sinan\Desktop\My-Projects\tool-rental"/>
    <property name="java.vm.compressedOopsMode" value="Zero based"/>
    <property name="java.runtime.version" value="17.0.5+8-LTS"/>
    <property name="os.arch" value="amd64"/>
    <property name="java.io.tmpdir" value="C:\Users\sinan\AppData\Local\Temp\"/>
    <property name="line.separator" value="
"/>
    <property name="java.vm.specification.vendor" value="Oracle Corporation"/>
    <property name="user.variant" value=""/>
    <property name="os.name" value="Windows 10"/>
    <property name="classworlds.conf" value="C:\Users\sinan\apache-maven-3.8.6-bin\apache-maven-3.8.6\bin\m2.conf"/>
    <property name="sun.jnu.encoding" value="Cp1252"/>
    <property name="java.library.path" value="C:\Users\sinan\.jdks\corretto-17.0.5\bin;C:\WINDOWS\Sun\Java\bin;C:\WINDOWS\system32;C:\WINDOWS;C:\windows\system32;C:\windows;C:\windows\System32\Wbem;C:\windows\System32\WindowsPowerShell\v1.0\;C:\windows\System32\OpenSSH\;C:\Program Files (x86)\NVIDIA Corporation\PhysX\Common;C:\Program Files\NVIDIA Corporation\NVIDIA NvDLISR;C:\WINDOWS\system32;C:\WINDOWS;C:\WINDOWS\System32\Wbem;C:\WINDOWS\System32\WindowsPowerShell\v1.0\;C:\WINDOWS\System32\OpenSSH\;C:\Users\sinan\.jdks\corretto-17.0.5\bin;C:\Users\sinan\apache-maven-3.8.6-bin\apache-maven-3.8.6\bin\apache-maven-3.8.6\bin;C:\Users\sinan\apache-maven-3.8.6-bin\apache-maven-3.8.6\bin;C:\Program Files\Go\bin;C:\Program Files\Docker\Docker\resources\bin;C:\Program Files\Git\cmd;C:\Users\sinan\AppData\Roaming\npm;C:\Users\sinan\AppData\Roaming\nvm;C:\Program Files\nodejs;C:\Program Files\nodejs\;C:\Users\sinan\AppData\Local\Programs\Python\Python311\Scripts\;C:\Users\sinan\AppData\Local\Programs\Python\Python311\;C:\Users\sinan\AppData\Local\Microsoft\WindowsApps;C:\Users\sinan\AppData\Local\Programs\Microsoft VS Code\bin;C:\Users\sinan\go\bin;C:\Program Files\PostgreSQL\15\bin;C:\Program Files\Docker\Docker\resources\bin;C:\Users\sinan\AppData\Roaming\nvm;C:\Program Files\nodejs;C:\Users\sinan\AppData\Roaming\npm;."/>
    <property name="maven.conf" value="C:\Users\sinan\apache-maven-3.8.6-bin\apache-maven-3.8.6/conf"/>
    <property name="jdk.debug" value="release"/>
    <property name="java.class.version" value="61.0"/>
    <property name="java.specification.name" value="Java Platform API Specification"/>
    <property name="sun.management.compiler" value="HotSpot 64-Bit Tiered Compilers"/>
    <property name="os.version" value="10.0"/>
    <property name="library.jansi.path" value="C:\Users\sinan\apache-maven-3.8.6-bin\apache-maven-3.8.6\lib\jansi-native"/>
    <property name="user.home" value="C:\Users\sinan"/>
    <property name="user.timezone" value="America/Chicago"/>
    <property name="file.encoding" value="Cp1252"/>
    <property name="java.specification.version" value="17"/>
    <property name="user.name" value="sinan"/>
    <property name="java.class.path" value="C:\Users\sinan\apache-maven-3.8.6-bin\apache-maven-3.8.6\boot\plexus-classworlds-2.6.0.jar"/>
    <property name="java.vm.specification.version" value="17"/>
    <property name="sun.arch.data.model" value="64"/>
    <property name="sun.java.command" value="org.codehaus.plexus.classworlds.launcher.Launcher clean install"/>
    <property name="java.home" value="C:\Users\sinan\.jdks\corretto-17.0.5"/>
    <property name="user.language" value="en"/>
    <property name="java.specification.vendor" value="Oracle Corporation"/>
    <property name="java.vm.info" value="mixed mode, sharing"/>
    <property name="java.version" value="17.0.5"/>
    <property name="native.encoding" value="Cp1252"/>
    <property name="java.vendor" value="Amazon.com Inc."/>
    <property name="sun.stderr.encoding" value="cp437"/>
    <property name="maven.home" value="C:\Users\sinan\apache-maven-3.8.6-bin\apache-maven-3.8.6"/>
    <property name="file.separator" value="\"/>
    <property name="java.version.date" value="2022-10-18"/>
    <property name="java.vendor.url.bug" value="https://github.com/corretto/corretto-17/issues/"/>
    <property name="sun.io.unicode.encoding" value="UnicodeLittle"/>
    <property name="sun.cpu.endian" value="little"/>
    <property name="java.vendor.version" value="Corretto-17.0.5.8.1"/>
    <property name="sun.stdout.encoding" value="cp437"/>
    <property name="sun.cpu.isalist" value="amd64"/>
  </properties>
  <testcase classname="com.example.toolrental.ToolRentalServiceTest" name="testScenario1" time="0.012"/>
  <testcase classname="com.example.toolrental.ToolRentalServiceTest" name="testScenario2" time="0.04"/>
  <testcase classname="com.example.toolrental.ToolRentalServiceTest" name="testScenario3" time="0.002"/>
  <testcase classname="com.example.toolrental.ToolRentalServiceTest" name="testScenario4" time="0.002"/>
  <testcase classname="com.example.toolrental.ToolRentalServiceTest" name="testScenario5" time="0.002"/>
  <testcase classname="com.example.toolrental.ToolRentalServiceTest" name="testScenario6" time="0.004"/>
  <testcase classname="com.example.toolrental.ToolRentalServiceTest" name="testValidCheckout" time="0.002"/>
  <testcase classname="com.example.toolrental.ToolRentalServiceTest" name="testInvalidDiscountPercent" time="0"/>
  <testcase classname="com.example.toolrental.ToolRentalServiceTest" name="testInvalidRentalDays" time="0"/>
</testsuite>